FILE_TYPE=LIBRARY_PARTS;
PRIMITIVE 'CF100_3K3_J_TB_070_62','CF100_3K3_J_TB_070_62_Resistors, Axial Diameter Horizontal Mounting';
  PIN
    '1':
      PIN_NUMBER='(1)';
      NO_LOAD_CHECK=BOTH;
      NO_IO_CHECK=BOTH;
      ALLOW_CONNECT=TRUE;
      PINUSE='UNSPEC';
    '2':
      PIN_NUMBER='(2)';
      NO_LOAD_CHECK=BOTH;
      NO_IO_CHECK=BOTH;
      ALLOW_CONNECT=TRUE;
      PINUSE='UNSPEC';
  END_PIN;
  BODY
    PART_NAME='CF100_3K3_J_TB_070_62';
    PHYS_DES_PREFIX='R';
    NO_LOAD_CHECK='TRUE';
    PIN_COUNT='2';
    BODY_NAME='CF100_3K3_J_TB_070_62';
    JEDEC_TYPE='RESAD2700W60L1100D400';
  END_BODY;
END_PRIMITIVE;
END.
