FILE_TYPE=LIBRARY_PARTS;
PRIMITIVE '564R60GAD10','564R60GAD10_Other';
  PIN
    '1':
      PIN_NUMBER='(1)';
      NO_LOAD_CHECK=BOTH;
      NO_IO_CHECK=BOTH;
      ALLOW_CONNECT=TRUE;
      PINUSE='UNSPEC';
    '2':
      PIN_NUMBER='(2)';
      NO_LOAD_CHECK=BOTH;
      NO_IO_CHECK=BOTH;
      ALLOW_CONNECT=TRUE;
      PINUSE='UNSPEC';
  END_PIN;
  BODY
    PART_NAME='564R60GAD10';
    PHYS_DES_PREFIX='C';
    NO_LOAD_CHECK='TRUE';
    PIN_COUNT='2';
    BODY_NAME='564R60GAD10';
    JEDEC_TYPE='564R60GAD10';
  END_BODY;
END_PRIMITIVE;
END.
